['[', None]
['decla', None]
['int', None]
['ID', (7, 1)]
[';', None]
['decla', None]
['int', None]
['ID', (8, 1)]
[';', None]
['decla', None]
['int', None]
['ID', (9, 1)]
[';', None]
['decla', None]
['int', None]
['ID', (6, 1)]
[';', None]
['decla', None]
['string', None]
['ID', (0, 1)]
[';', None]
['ID', (0, 0)]
['=', None]
['CONST', (2, 1)]
[';', None]
['read', None]
['(', None]
['ID', (7, 0)]
[')', None]
[';', None]
['read', None]
['(', None]
['ID', (8, 0)]
[')', None]
[';', None]
['read', None]
['(', None]
['ID', (9, 0)]
[')', None]
[';', None]
['if', None]
['ID', (7, 0)]
['>', None]
['ID', (8, 0)]
['do', None]
['ID', (6, 0)]
['=', None]
['ID', (7, 0)]
[';', None]
['else', None]
['if', None]
['ID', (8, 0)]
['>', None]
['ID', (7, 0)]
['and', None]
['ID', (8, 0)]
['>', None]
['ID', (9, 0)]
['do', None]
['ID', (6, 0)]
['=', None]
['ID', (8, 0)]
[';', None]
['else', None]
['do', None]
['ID', (6, 0)]
['=', None]
['ID', (9, 0)]
[';', None]
['write', None]
['(', None]
['ID', (6, 0)]
[')', None]
[';', None]
[']', None]
